Already up to date.
[master 6ca4172] chore: update readme.md file 29/11/2023
 2 files changed, 2 insertions(+), 1 deletion(-)
 create mode 100644 git_push.log
To github.com:binjuhor/binjuhor.git
   b6039fe..6ca4172  master -> master
Already up to date.
[master a7fd9fc] chore: update readme.md file 30/11/2023
 2 files changed, 2 insertions(+), 1 deletion(-)
To github.com:binjuhor/binjuhor.git
   4f1430f..a7fd9fc  master -> master
Already up to date.
[master b9fdb6c] chore: update readme.md file 04/12/2023
 2 files changed, 2 insertions(+), 1 deletion(-)
To github.com:binjuhor/binjuhor.git
   14df2a0..b9fdb6c  master -> master
branch 'master' set up to track 'origin/master'.
From github.com:binjuhor/binjuhor
   b9fdb6c..716a1be  master     -> origin/master
Updating b9fdb6c..716a1be
Fast-forward
 achievements.svg   | 12 ++++++------
 devcard.svg        | 26 +++++++++++++-------------
 github-metrics.svg | 26 +++++++++++++-------------
 3 files changed, 32 insertions(+), 32 deletions(-)
[master e9a4520] chore: update readme.md file 05/12/2023
 2 files changed, 14 insertions(+), 1 deletion(-)
To github.com:binjuhor/binjuhor.git
   716a1be..e9a4520  master -> master
branch 'master' set up to track 'origin/master'.
From github.com:binjuhor/binjuhor
   e9a4520..907a8a1  master     -> origin/master
Updating e9a4520..907a8a1
Fast-forward
 achievements.svg   | 18 +++++++++---------
 devcard.svg        | 10 +++++-----
 github-metrics.svg | 26 +++++++++++++-------------
 3 files changed, 27 insertions(+), 27 deletions(-)
